<?xml version="1.0" encoding="UTF-8"?>
<!-- Generated by org.testng.reporters.JUnitXMLReporter -->
<testsuite ignored="0" hostname="DESKTOP-L7N3P6A" failures="0" tests="4" name="Default test" time="0.075" errors="0" timestamp="2022-06-27T16:49:53 IST">
  <testcase classname="seleniumbootcamp.BaseClass" name="@BeforeMethod beforeMethod" time="-1.656328793734E9">
    <failure type="org.testng.TestNGException" message="
Parameter &amp;apos;url&amp;apos; is required by BeforeMethod on method beforeMethod but has not been marked @Optional or defined
in C:\Users\Bala\AppData\Local\Temp\testng-eclipse-106684814\testng-customsuite.xml">
      <![CDATA[org.testng.TestNGException: 
Parameter 'url' is required by BeforeMethod on method beforeMethod but has not been marked @Optional or defined
in C:\Users\Bala\AppData\Local\Temp\testng-eclipse-106684814\testng-customsuite.xml
at org.testng.internal.Parameters.createParams(Parameters.java:270)
at org.testng.internal.Parameters.createParametersForMethod(Parameters.java:358)
at org.testng.internal.Parameters.createParameters(Parameters.java:700)
at org.testng.internal.Parameters.createConfigurationParameters(Parameters.java:168)
at org.testng.internal.ConfigInvoker.invokeConfigurations(ConfigInvoker.java:302)
at org.testng.internal.TestInvoker.runConfigMethods(TestInvoker.java:700)
at org.testng.internal.TestInvoker.invokeMethod(TestInvoker.java:527)
at org.testng.internal.TestInvoker.invokeTestMethod(TestInvoker.java:173)
at org.testng.internal.MethodRunner.runInSequence(MethodRunner.java:46)
at org.testng.internal.TestInvoker$MethodInvocationAgent.invoke(TestInvoker.java:824)
at org.testng.internal.TestInvoker.invokeTestMethods(TestInvoker.java:146)
at org.testng.internal.TestMethodWorker.invokeTestMethods(TestMethodWorker.java:146)
at org.testng.internal.TestMethodWorker.run(TestMethodWorker.java:128)
at java.base/java.util.ArrayList.forEach(ArrayList.java:1511)
at org.testng.TestRunner.privateRun(TestRunner.java:794)
at org.testng.TestRunner.run(TestRunner.java:596)
at org.testng.SuiteRunner.runTest(SuiteRunner.java:377)
at org.testng.SuiteRunner.runSequentially(SuiteRunner.java:371)
at org.testng.SuiteRunner.privateRun(SuiteRunner.java:332)
at org.testng.SuiteRunner.run(SuiteRunner.java:276)
at org.testng.SuiteRunnerWorker.runSuite(SuiteRunnerWorker.java:53)
at org.testng.SuiteRunnerWorker.run(SuiteRunnerWorker.java:96)
at org.testng.TestNG.runSuitesSequentially(TestNG.java:1212)
at org.testng.TestNG.runSuitesLocally(TestNG.java:1134)
at org.testng.TestNG.runSuites(TestNG.java:1063)
at org.testng.TestNG.run(TestNG.java:1031)
at org.testng.remote.AbstractRemoteTestNG.run(AbstractRemoteTestNG.java:115)
at org.testng.remote.RemoteTestNG.initAndRun(RemoteTestNG.java:251)
at org.testng.remote.RemoteTestNG.main(RemoteTestNG.java:77)
]]>
    </failure>
  </testcase> <!-- @BeforeMethod beforeMethod -->
  <testcase classname="seleniumbootcamp.BaseClass" name="@AfterMethod afterMethod" time="-1.656328793751E9">
    <skipped/>
  </testcase> <!-- @AfterMethod afterMethod -->
  <testcase classname="seleniumbootcamp.BaseClass" name="@BeforeMethod beforeMethod" time="-1.656328793754E9">
    <skipped/>
  </testcase> <!-- @BeforeMethod beforeMethod -->
  <testcase classname="seleniumbootcamp.BaseClass" name="@AfterMethod afterMethod" time="-1.656328793758E9">
    <skipped/>
  </testcase> <!-- @AfterMethod afterMethod -->
  <testcase classname="seleniumbootcamp.BaseClass" name="@BeforeMethod beforeMethod" time="-1.65632879376E9">
    <skipped/>
  </testcase> <!-- @BeforeMethod beforeMethod -->
  <testcase classname="seleniumbootcamp.BaseClass" name="@AfterMethod afterMethod" time="-1.656328793767E9">
    <skipped/>
  </testcase> <!-- @AfterMethod afterMethod -->
  <testcase classname="seleniumbootcamp.BaseClass" name="@BeforeMethod beforeMethod" time="-1.656328793769E9">
    <skipped/>
  </testcase> <!-- @BeforeMethod beforeMethod -->
  <testcase classname="seleniumbootcamp.BaseClass" name="@AfterMethod afterMethod" time="-1.656328793773E9">
    <skipped/>
  </testcase> <!-- @AfterMethod afterMethod -->
  <testcase classname="seleniumbootcamp.LearnTestNGGroups" name="Createcontact_Testcase1" time="0.0">
    <skipped/>
  </testcase> <!-- Createcontact_Testcase1 -->
  <testcase classname="seleniumbootcamp.LearnTestNGGroups" name="Deletecontact_Testcase3" time="0.0">
    <skipped/>
  </testcase> <!-- Deletecontact_Testcase3 -->
  <testcase classname="seleniumbootcamp.LearnTestNGGroups" name="Editcontact_Testcase2" time="0.0">
    <skipped/>
  </testcase> <!-- Editcontact_Testcase2 -->
  <testcase classname="seleniumbootcamp.LearnTestNGGroups" name="Testcase4" time="0.0">
    <skipped/>
  </testcase> <!-- Testcase4 -->
</testsuite> <!-- Default test -->
