<?xml version="1.0" encoding="UTF-8"?>
<!-- Generated by org.testng.reporters.JUnitXMLReporter -->
<testsuite ignored="2" hostname="DESKTOP-L7N3P6A" failures="2" tests="2" name="test" time="0.062" errors="0" timestamp="2022-06-29T13:11:26 IST">
  <testcase classname="seleniumbootcamp.LearnTestNGGroups" name="Createcontact_Testcase1" time="0.016">
    <failure type="java.lang.NullPointerException" message="Cannot invoke &amp;quot;org.openqa.selenium.chrome.ChromeDriver.findElement(org.openqa.selenium.By)&amp;quot; because &amp;quot;this.driver&amp;quot; is null">
      <![CDATA[java.lang.NullPointerException: Cannot invoke "org.openqa.selenium.chrome.ChromeDriver.findElement(org.openqa.selenium.By)" because "this.driver" is null
at seleniumbootcamp.LearnTestNGGroups.Createcontact_Testcase1(LearnTestNGGroups.java:19)
at java.base/java.util.ArrayList.forEach(ArrayList.java:1511)
... Removed 27 stack frames]]>
    </failure>
  </testcase> <!-- Createcontact_Testcase1 -->
  <testcase classname="seleniumbootcamp.LearnTestNGGroups" name="Deletecontact_Testcase3" time="0.0">
    <failure type="java.lang.NullPointerException" message="Cannot invoke &amp;quot;org.openqa.selenium.chrome.ChromeDriver.findElement(org.openqa.selenium.By)&amp;quot; because &amp;quot;this.driver&amp;quot; is null">
      <![CDATA[java.lang.NullPointerException: Cannot invoke "org.openqa.selenium.chrome.ChromeDriver.findElement(org.openqa.selenium.By)" because "this.driver" is null
at seleniumbootcamp.LearnTestNGGroups.Deletecontact_Testcase3(LearnTestNGGroups.java:126)
at java.base/java.util.ArrayList.forEach(ArrayList.java:1511)
... Removed 27 stack frames]]>
    </failure>
  </testcase> <!-- Deletecontact_Testcase3 -->
  <testcase classname="seleniumbootcamp.LearnTestNGGroups" name="Editcontact_Testcase2" time="0.0">
    <ignored/>
  </testcase> <!-- Editcontact_Testcase2 -->
  <testcase classname="seleniumbootcamp.LearnTestNGGroups" name="Testcase4" time="0.0">
    <ignored/>
  </testcase> <!-- Testcase4 -->
</testsuite> <!-- test -->
