<?xml version="1.0" encoding="UTF-8"?>
<!-- Generated by org.testng.reporters.JUnitXMLReporter -->
<testsuite ignored="0" hostname="DESKTOP-L7N3P6A" failures="0" tests="4" name="Default test(failed)(failed)" time="0.073" errors="0" timestamp="2022-06-27T16:55:50 IST">
  <testcase classname="seleniumbootcamp.BaseClass" name="@BeforeMethod beforeMethod" time="-1.656329150027E9">
    <failure type="org.testng.TestNGException" message="
Parameter &amp;apos;url&amp;apos; is required by BeforeMethod on method beforeMethod but has not been marked @Optional or defined
in C:\Selenium_BC\FirstSeleniumProject\test-output\testng-failed.xml">
      <![CDATA[org.testng.TestNGException: 
Parameter 'url' is required by BeforeMethod on method beforeMethod but has not been marked @Optional or defined
in C:\Selenium_BC\FirstSeleniumProject\test-output\testng-failed.xml
at java.base/java.util.ArrayList.forEach(ArrayList.java:1511)
... Removed 28 stack frames]]>
    </failure>
  </testcase> <!-- @BeforeMethod beforeMethod -->
  <testcase classname="seleniumbootcamp.BaseClass" name="@AfterMethod afterMethod" time="-1.656329150044E9">
    <skipped/>
  </testcase> <!-- @AfterMethod afterMethod -->
  <testcase classname="seleniumbootcamp.BaseClass" name="@BeforeMethod beforeMethod" time="-1.656329150046E9">
    <skipped/>
  </testcase> <!-- @BeforeMethod beforeMethod -->
  <testcase classname="seleniumbootcamp.BaseClass" name="@AfterMethod afterMethod" time="-1.65632915005E9">
    <skipped/>
  </testcase> <!-- @AfterMethod afterMethod -->
  <testcase classname="seleniumbootcamp.BaseClass" name="@BeforeMethod beforeMethod" time="-1.656329150052E9">
    <skipped/>
  </testcase> <!-- @BeforeMethod beforeMethod -->
  <testcase classname="seleniumbootcamp.BaseClass" name="@AfterMethod afterMethod" time="-1.656329150057E9">
    <skipped/>
  </testcase> <!-- @AfterMethod afterMethod -->
  <testcase classname="seleniumbootcamp.BaseClass" name="@BeforeMethod beforeMethod" time="-1.656329150059E9">
    <skipped/>
  </testcase> <!-- @BeforeMethod beforeMethod -->
  <testcase classname="seleniumbootcamp.BaseClass" name="@AfterMethod afterMethod" time="-1.656329150062E9">
    <skipped/>
  </testcase> <!-- @AfterMethod afterMethod -->
  <testcase classname="seleniumbootcamp.LearnTestNGGroups" name="Createcontact_Testcase1" time="0.0">
    <skipped/>
  </testcase> <!-- Createcontact_Testcase1 -->
  <testcase classname="seleniumbootcamp.LearnTestNGGroups" name="Editcontact_Testcase2" time="0.0">
    <skipped/>
  </testcase> <!-- Editcontact_Testcase2 -->
  <testcase classname="seleniumbootcamp.LearnTestNGGroups" name="Testcase4" time="0.0">
    <skipped/>
  </testcase> <!-- Testcase4 -->
  <testcase classname="seleniumbootcamp.LearnTestNGGroups" name="Deletecontact_Testcase3" time="0.0">
    <skipped/>
  </testcase> <!-- Deletecontact_Testcase3 -->
</testsuite> <!-- Default test(failed)(failed) -->
